Arguments: 
  C:\Program Files\nodejs\node.exe C:\Users\DatRaj\AppData\Roaming\npm\node_modules\yarn\bin\yarn.js install

PATH: 
  C:\Program Files\Common Files\Oracle\Java\javapath;C:\Program Files (x86)\Common Files\Oracle\Java\javapath;C:\Windows\system32;C:\Windows;C:\Windows\System32\Wbem;C:\Windows\System32\WindowsPowerShell\v1.0\;C:\Windows\System32\OpenSSH\;C:\Program Files\nodejs\;C:\Program Files\Java\jdk-20\bin;C:\Program Files\Java\jdk-17\bin;c:\program files\postgresql\13\bin;C:\Program Files (x86)\Java\jre-1.8\bin;C:\Program Files\dotnet\;C:\Users\DatRaj\AppData\Roaming\npm;C:\Program Files\Go\bin;C:\Program Files\apache-maven-3.9.4\bin;C:\Program Files\Git\cmd;C:\Program Files\Docker\Docker\resources\bin;C:\Users\DatRaj\AppData\Local\Programs\Python\Launcher\;C:\Users\DatRaj\.cargo\bin;C:\Users\DatRaj\AppData\Local\Microsoft\WindowsApps;C:\Users\DatRaj\AppData\Local\Programs\Microsoft VS Code\bin;C:\Users\DatRaj\AppData\Roaming\npm;C:\Users\DatRaj\AppData\Local\gitkraken\bin;C:\Users\DatRaj\go\bin;C:\Program Files\Sublime Text;C:\Program Files\JetBrains\JetBrains Rider 2019.1.3\bin;;C:\Users\DatRaj\.dotnet\tools;C:\Program Files\JetBrains\RustRover 232.9921.46\bin;;C:\Users\DatRaj\AppData\Local\Android\Sdk;C:\Users\DatRaj\AppData\Local\GitHubDesktop\bin

Yarn version: 
  1.22.19

Node version: 
  18.16.1

Platform: 
  win32 x64

Trace: 
  Error: EISDIR: illegal operation on a directory, symlink 'B:\Programming\React\Study\Advanced React\Projects\09-10-date-picker' -> 'B:\Programming\React\Study\Advanced React\node_modules\after'

npm manifest: 
  {
    "name": "after",
    "private": true,
    "version": "0.0.0",
    "type": "module",
    "scripts": {
      "dev": "vite",
      "build": "vite build",
      "lint": "eslint src --ext js,jsx --report-unused-disable-directives --max-warnings 0",
      "preview": "vite preview"
    },
    "dependencies": {
      "date-fns": "^2.30.0",
      "react": "^18.2.0",
      "react-dom": "^18.2.0"
    },
    "devDependencies": {
      "@types/react": "^18.0.37",
      "@types/react-dom": "^18.0.11",
      "@vitejs/plugin-react-swc": "^3.0.0",
      "eslint": "^8.38.0",
      "eslint-plugin-react": "^7.32.2",
      "eslint-plugin-react-hooks": "^4.6.0",
      "eslint-plugin-react-refresh": "^0.3.4",
      "vite": "^4.3.9"
    }
  }

yarn manifest: 
  No manifest

Lockfile: 
  # THIS IS AN AUTOGENERATED FILE. DO NOT EDIT THIS FILE DIRECTLY.
  # yarn lockfile v1
